TN:
SF:src/useCases/Account/CreateAccount/CreateAccountController.ts
FN:5,(anonymous_7)
FN:6,(anonymous_8)
FNF:2
FNH:2
FNDA:1,(anonymous_7)
FNDA:4,(anonymous_8)
DA:4,1
DA:5,1
DA:7,4
DA:9,4
DA:10,4
DA:19,1
DA:21,3
LF:7
LH:7
BRDA:22,0,0,3
BRDA:22,0,1,0
BRF:2
BRH:1
end_of_record
TN:
SF:src/useCases/Account/CreateAccount/CreateAccountUseCase.ts
FN:5,(anonymous_7)
FN:7,(anonymous_8)
FNF:2
FNH:2
FNDA:1,(anonymous_7)
FNDA:4,(anonymous_8)
DA:4,1
DA:5,1
DA:8,4
LF:3
LH:3
BRF:0
BRH:0
end_of_record
TN:
SF:src/useCases/Account/CreateAccount/index.ts
FNF:0
FNH:0
DA:1,1
DA:2,1
DA:3,1
DA:5,1
DA:7,1
DA:9,1
DA:13,1
LF:7
LH:7
BRF:0
BRH:0
end_of_record
TN:
SF:src/useCases/Account/DeleteAccount/DeleteAccountController.ts
FN:9,(anonymous_14)
FN:42,(anonymous_15)
FN:45,(anonymous_16)
FN:63,(anonymous_17)
FN:63,(anonymous_18)
FN:11,(anonymous_19)
FNF:6
FNH:2
FNDA:1,(anonymous_14)
FNDA:0,(anonymous_15)
FNDA:0,(anonymous_16)
FNDA:0,(anonymous_17)
FNDA:0,(anonymous_18)
FNDA:1,(anonymous_19)
DA:4,1
DA:5,1
DA:6,1
DA:8,1
DA:9,1
DA:12,1
DA:13,1
DA:16,1
DA:17,1
DA:18,0
DA:20,0
DA:26,1
DA:27,1
DA:29,0
DA:34,1
DA:36,0
DA:42,1
DA:45,0
DA:46,0
DA:47,0
DA:56,0
DA:58,0
DA:59,0
DA:63,1
DA:64,0
DA:65,0
DA:66,0
DA:67,0
DA:68,0
DA:69,0
DA:70,0
DA:74,0
DA:84,0
DA:85,0
DA:86,0
DA:89,0
DA:92,0
LF:37
LH:14
BRDA:66,0,0,0
BRDA:69,1,0,0
BRDA:69,2,0,0
BRDA:69,2,1,0
BRDA:85,3,0,0
BRDA:13,4,0,0
BRDA:13,4,1,1
BRDA:13,5,0,1
BRDA:13,5,1,1
BRDA:17,6,0,0
BRDA:21,7,0,0
BRDA:21,7,1,0
BRDA:26,8,0,1
BRDA:26,8,1,0
BRDA:26,9,0,1
BRDA:26,9,1,1
BRDA:27,10,0,1
BRDA:27,10,1,0
BRDA:37,11,0,0
BRDA:37,11,1,0
BRF:20
BRH:7
end_of_record
TN:
SF:src/useCases/Account/DeleteAccount/DeleteAccountUseCase.ts
FN:4,(anonymous_7)
FN:6,(anonymous_8)
FNF:2
FNH:2
FNDA:1,(anonymous_7)
FNDA:1,(anonymous_8)
DA:3,1
DA:4,1
DA:7,1
LF:3
LH:3
BRF:0
BRH:0
end_of_record
TN:
SF:src/useCases/Account/DeleteAccount/index.ts
FNF:0
FNH:0
DA:1,1
DA:2,1
DA:3,1
DA:5,1
DA:7,1
DA:9,1
DA:13,1
LF:7
LH:7
BRF:0
BRH:0
end_of_record
TN:
SF:src/useCases/Account/GetAccountDetails/GetAccountDetailsController.ts
FN:7,(anonymous_8)
FN:9,(anonymous_9)
FNF:2
FNH:2
FNDA:1,(anonymous_8)
FNDA:2,(anonymous_9)
DA:4,1
DA:6,1
DA:7,1
DA:10,2
DA:11,2
DA:12,2
DA:13,2
DA:14,0
DA:16,2
DA:18,1
DA:20,1
DA:21,1
DA:25,0
LF:13
LH:11
BRDA:11,0,0,0
BRDA:11,0,1,2
BRDA:11,1,0,2
BRDA:11,1,1,2
BRDA:13,2,0,0
BRDA:13,3,0,2
BRDA:13,3,1,2
BRDA:20,4,0,1
BRF:8
BRH:6
end_of_record
TN:
SF:src/useCases/Account/GetAccountDetails/GetAccountDetailsUseCase.ts
FN:6,(anonymous_8)
FN:8,(anonymous_9)
FNF:2
FNH:2
FNDA:2,(anonymous_8)
FNDA:2,(anonymous_9)
DA:1,1
DA:5,1
DA:6,2
DA:9,2
DA:10,2
DA:11,1
DA:13,1
LF:7
LH:7
BRDA:10,0,0,1
BRF:1
BRH:1
end_of_record
TN:
SF:src/useCases/Account/GetAccountDetails/index.ts
FNF:0
FNH:0
DA:1,1
DA:2,1
DA:3,1
DA:5,1
DA:7,1
DA:11,1
DA:15,1
LF:7
LH:7
BRF:0
BRH:0
end_of_record
TN:
SF:src/useCases/Account/UpdateAccount/UpdateAccountController.ts
FN:7,(anonymous_7)
FN:9,(anonymous_8)
FNF:2
FNH:2
FNDA:1,(anonymous_7)
FNDA:1,(anonymous_8)
DA:6,1
DA:7,1
DA:10,1
DA:11,1
DA:13,1
DA:15,1
DA:16,1
DA:23,1
DA:25,0
LF:9
LH:8
BRDA:11,0,0,0
BRDA:11,0,1,1
BRDA:11,1,0,1
BRDA:11,1,1,1
BRDA:20,2,0,1
BRDA:20,2,1,0
BRDA:26,3,0,0
BRDA:26,3,1,0
BRF:8
BRH:4
end_of_record
TN:
SF:src/useCases/Account/UpdateAccount/UpdateAccountUseCase.ts
FN:5,(anonymous_7)
FN:7,(anonymous_8)
FNF:2
FNH:2
FNDA:1,(anonymous_7)
FNDA:1,(anonymous_8)
DA:4,1
DA:5,1
DA:8,1
LF:3
LH:3
BRF:0
BRH:0
end_of_record
TN:
SF:src/useCases/Account/UpdateAccount/index.ts
FNF:0
FNH:0
DA:1,1
DA:2,1
DA:3,1
DA:5,1
DA:7,1
DA:9,1
DA:13,1
LF:7
LH:7
BRF:0
BRH:0
end_of_record
